<?xml version="1.0" encoding="UTF-8"?>
<testsuite xmlns:xsi="http://www.w3.org/2001/XMLSchema-instance" xsi:noNamespaceSchemaLocation="https://maven.apache.org/surefire/maven-surefire-plugin/xsd/surefire-test-report-3.0.xsd" version="3.0" name="pintutest.RunCucumberTest" time="27.761" tests="13" errors="0" skipped="10" failures="0">
  <properties>
[...]
</properties>
  <testcase name="Login - Success" classname="Android automation" time="0">
    <skipped message="&apos;cucumber.filter.tags=@login-failed&apos; did not match this scenario"/>
  </testcase>
  <testcase name="Example #1" classname="Examples" time="9.914">
    <system-out><![CDATA[
@androidTest @login-failed
Scenario Outline: Login - Failed                       &amp#27;[90m# pintutest/androidTest.feature:25&amp#27;[0m
  &amp#27;[32mGiven &amp#27;[0m&amp#27;[32mapp is launched&amp#27;[0m                                &amp#27;[90m# pintutest.AndroidStepdefs.appIsLaunched()&amp#27;[0m
  &amp#27;[32mWhen &amp#27;[0m&amp#27;[32muser fill the login email with &amp#27;[0m&amp#27;[32m&amp#27;[1m"test1@test.com"&amp#27;[0m &amp#27;[90m# pintutest.AndroidStepdefs.userFillTheLoginEmailWith(java.lang.String)&amp#27;[0m
  &amp#27;[32mAnd &amp#27;[0m&amp#27;[32muser fill the login password with &amp#27;[0m&amp#27;[32m&amp#27;[1m"test1"&amp#27;[0m        &amp#27;[90m# pintutest.AndroidStepdefs.userFillTheLoginPasswordWith(java.lang.String)&amp#27;[0m
  &amp#27;[32mAnd &amp#27;[0m&amp#27;[32muser click login button&amp#27;[0m                          &amp#27;[90m# pintutest.AndroidStepdefs.userClickLoginButton()&amp#27;[0m
  &amp#27;[32mAnd &amp#27;[0m&amp#27;[32muser should stay on login page&amp#27;[0m                   &amp#27;[90m# pintutest.AndroidStepdefs.userShouldStayOnLoginPage()&amp#27;[0m
]]></system-out>
    <system-err><![CDATA[Oct 06, 2022 9:49:49 PM io.appium.java_client.remote.AppiumCommandExecutor$1 lambda$0
INFO: Detected dialect: W3C
]]></system-err>
  </testcase>
  <testcase name="Example #1" classname="Examples" time="0">
    <skipped message="&apos;cucumber.filter.tags=@login-failed&apos; did not match this scenario"/>
  </testcase>
  <testcase name="Example #2" classname="Examples" time="8.99">
    <system-out><![CDATA[
@androidTest @login-failed
Scenario Outline: Login - Failed                &amp#27;[90m# pintutest/androidTest.feature:26&amp#27;[0m
  &amp#27;[32mGiven &amp#27;[0m&amp#27;[32mapp is launched&amp#27;[0m                         &amp#27;[90m# pintutest.AndroidStepdefs.appIsLaunched()&amp#27;[0m
  &amp#27;[32mWhen &amp#27;[0m&amp#27;[32muser fill the login email with &amp#27;[0m&amp#27;[32m&amp#27;[1m""&amp#27;[0m        &amp#27;[90m# pintutest.AndroidStepdefs.userFillTheLoginEmailWith(java.lang.String)&amp#27;[0m
  &amp#27;[32mAnd &amp#27;[0m&amp#27;[32muser fill the login password with &amp#27;[0m&amp#27;[32m&amp#27;[1m"test1"&amp#27;[0m &amp#27;[90m# pintutest.AndroidStepdefs.userFillTheLoginPasswordWith(java.lang.String)&amp#27;[0m
  &amp#27;[32mAnd &amp#27;[0m&amp#27;[32muser click login button&amp#27;[0m                   &amp#27;[90m# pintutest.AndroidStepdefs.userClickLoginButton()&amp#27;[0m
  &amp#27;[32mAnd &amp#27;[0m&amp#27;[32muser should stay on login page&amp#27;[0m            &amp#27;[90m# pintutest.AndroidStepdefs.userShouldStayOnLoginPage()&amp#27;[0m
]]></system-out>
    <system-err><![CDATA[Oct 06, 2022 9:49:57 PM io.appium.java_client.remote.AppiumCommandExecutor$1 lambda$0
INFO: Detected dialect: W3C
]]></system-err>
  </testcase>
  <testcase name="Example #2" classname="Examples" time="0">
    <skipped message="&apos;cucumber.filter.tags=@login-failed&apos; did not match this scenario"/>
  </testcase>
  <testcase name="Example #3" classname="Examples" time="8.662">
    <system-out><![CDATA[
@androidTest @login-failed
Scenario Outline: Login - Failed                       &amp#27;[90m# pintutest/androidTest.feature:27&amp#27;[0m
  &amp#27;[32mGiven &amp#27;[0m&amp#27;[32mapp is launched&amp#27;[0m                                &amp#27;[90m# pintutest.AndroidStepdefs.appIsLaunched()&amp#27;[0m
  &amp#27;[32mWhen &amp#27;[0m&amp#27;[32muser fill the login email with &amp#27;[0m&amp#27;[32m&amp#27;[1m"test1@test.com"&amp#27;[0m &amp#27;[90m# pintutest.AndroidStepdefs.userFillTheLoginEmailWith(java.lang.String)&amp#27;[0m
  &amp#27;[32mAnd &amp#27;[0m&amp#27;[32muser fill the login password with &amp#27;[0m&amp#27;[32m&amp#27;[1m""&amp#27;[0m             &amp#27;[90m# pintutest.AndroidStepdefs.userFillTheLoginPasswordWith(java.lang.String)&amp#27;[0m
  &amp#27;[32mAnd &amp#27;[0m&amp#27;[32muser click login button&amp#27;[0m                          &amp#27;[90m# pintutest.AndroidStepdefs.userClickLoginButton()&amp#27;[0m
  &amp#27;[32mAnd &amp#27;[0m&amp#27;[32muser should stay on login page&amp#27;[0m                   &amp#27;[90m# pintutest.AndroidStepdefs.userShouldStayOnLoginPage()&amp#27;[0m
]]></system-out>
    <system-err><![CDATA[Oct 06, 2022 9:50:06 PM io.appium.java_client.remote.AppiumCommandExecutor$1 lambda$0
INFO: Detected dialect: W3C
]]></system-err>
  </testcase>
  <testcase name="Example #3" classname="Examples" time="0">
    <skipped message="&apos;cucumber.filter.tags=@login-failed&apos; did not match this scenario"/>
  </testcase>
  <testcase name="Example #4" classname="Examples" time="0">
    <skipped message="&apos;cucumber.filter.tags=@login-failed&apos; did not match this scenario"/>
  </testcase>
  <testcase name="Example #5" classname="Examples" time="0">
    <skipped message="&apos;cucumber.filter.tags=@login-failed&apos; did not match this scenario"/>
  </testcase>
  <testcase name="Example #6" classname="Examples" time="0">
    <skipped message="&apos;cucumber.filter.tags=@login-failed&apos; did not match this scenario"/>
  </testcase>
  <testcase name="Example #7" classname="Examples" time="0">
    <skipped message="&apos;cucumber.filter.tags=@login-failed&apos; did not match this scenario"/>
  </testcase>
  <testcase name="GET - /posts" classname="API automation" time="0">
    <skipped message="&apos;cucumber.filter.tags=@login-failed&apos; did not match this scenario"/>
  </testcase>
  <testcase name="Post - /posts" classname="API automation" time="0">
    <skipped message="&apos;cucumber.filter.tags=@login-failed&apos; did not match this scenario"/>
  </testcase>
</testsuite>